<?xml version="1.0" encoding="UTF-8"?>
<testsuite name="com.yusung.pointManage.job.reservation.ExecutePointReservationJobConfigurationTest" tests="1" skipped="0" failures="0" errors="0" timestamp="2022-03-21T03:40:49" hostname="DESKTOP-TQ29OS4" time="0.056">
  <properties/>
  <testcase name="executePointReservationJob()" classname="com.yusung.pointManage.job.reservation.ExecutePointReservationJobConfigurationTest" time="0.056"/>
  <system-out><![CDATA[2022-03-21 12:40:49.379  INFO 13592 --- [    Test worker] .b.t.c.SpringBootTestContextBootstrapper : Neither @ContextConfiguration nor @ContextHierarchy found for test class [com.yusung.pointManage.job.reservation.ExecutePointReservationJobConfigurationTest], using SpringBootContextLoader
2022-03-21 12:40:49.380  INFO 13592 --- [    Test worker] o.s.t.c.support.AbstractContextLoader    : Could not detect default resource locations for test class [com.yusung.pointManage.job.reservation.ExecutePointReservationJobConfigurationTest]: no resource found for suffixes {-context.xml, Context.groovy}.
2022-03-21 12:40:49.380  INFO 13592 --- [    Test worker] t.c.s.AnnotationConfigContextLoaderUtils : Could not detect default configuration classes for test class [com.yusung.pointManage.job.reservation.ExecutePointReservationJobConfigurationTest]: ExecutePointReservationJobConfigurationTest does not declare any static, non-private, non-final, nested classes annotated with @Configuration.
2022-03-21 12:40:49.388  INFO 13592 --- [    Test worker] .b.t.c.SpringBootTestContextBootstrapper : Found @SpringBootConfiguration com.yusung.pointManage.PointManagementApplication for test class com.yusung.pointManage.job.reservation.ExecutePointReservationJobConfigurationTest
2022-03-21 12:40:49.390  INFO 13592 --- [    Test worker] .b.t.c.SpringBootTestContextBootstrapper : Loaded default TestExecutionListener class names from location [META-INF/spring.factories]: [org.springframework.test.context.web.ServletTestExecutionListener, org.springframework.test.context.support.DirtiesContextBeforeModesTestExecutionListener, org.springframework.test.context.event.ApplicationEventsTestExecutionListener, org.springframework.test.context.support.DependencyInjectionTestExecutionListener, org.springframework.test.context.support.DirtiesContextTestExecutionListener, org.springframework.test.context.transaction.TransactionalTestExecutionListener, org.springframework.test.context.jdbc.SqlScriptsTestExecutionListener, org.springframework.test.context.event.EventPublishingTestExecutionListener, org.springframework.boot.test.autoconfigure.restdocs.RestDocsTestExecutionListener, org.springframework.boot.test.autoconfigure.web.client.MockRestServiceServerResetTestExecutionListener, org.springframework.boot.test.autoconfigure.web.servlet.MockMvcPrintOnlyOnFailureTestExecutionListener, org.springframework.boot.test.autoconfigure.web.servlet.WebDriverTestExecutionListener, org.springframework.boot.test.autoconfigure.webservices.client.MockWebServiceServerTestExecutionListener, org.springframework.boot.test.mock.mockito.MockitoTestExecutionListener, org.springframework.boot.test.mock.mockito.ResetMocksTestExecutionListener]
2022-03-21 12:40:49.391  INFO 13592 --- [    Test worker] .b.t.c.SpringBootTestContextBootstrapper : Using TestExecutionListeners: [org.springframework.test.context.support.DirtiesContextBeforeModesTestExecutionListener@7ee454d5, org.springframework.test.context.event.ApplicationEventsTestExecutionListener@1caf4c98, org.springframework.boot.test.mock.mockito.MockitoTestExecutionListener@636d083c, org.springframework.boot.test.autoconfigure.SpringBootDependencyInjectionTestExecutionListener@684e854f, org.springframework.test.context.support.DirtiesContextTestExecutionListener@3450366f, org.springframework.test.context.transaction.TransactionalTestExecutionListener@52fd77f1, org.springframework.test.context.jdbc.SqlScriptsTestExecutionListener@59dab97a, org.springframework.test.context.event.EventPublishingTestExecutionListener@45a22bf3, org.springframework.boot.test.autoconfigure.restdocs.RestDocsTestExecutionListener@70f48e66, org.springframework.boot.test.autoconfigure.web.client.MockRestServiceServerResetTestExecutionListener@490f2d76, org.springframework.boot.test.autoconfigure.web.servlet.MockMvcPrintOnlyOnFailureTestExecutionListener@45925c44, org.springframework.boot.test.autoconfigure.web.servlet.WebDriverTestExecutionListener@113b0ab6, org.springframework.boot.test.autoconfigure.webservices.client.MockWebServiceServerTestExecutionListener@45e82149, org.springframework.boot.test.mock.mockito.ResetMocksTestExecutionListener@75bcc01f]
Hibernate: insert into point_wallet (id, amount, user_id) values (null, ?, ?)
Hibernate: insert into point_reservation (id, amount, available_days, earned_date, is_executed, point_wallet_id) values (null, ?, ?, ?, ?, ?)
2022-03-21 12:40:49.404  INFO 13592 --- [    Test worker] o.s.b.c.l.support.SimpleJobLauncher      : Job: [SimpleJob: [name=executePointReservationJob]] launched with the following parameters: [{today=2022-01-05}]
2022-03-21 12:40:49.409  WARN 13592 --- [    Test worker] o.s.b.c.l.AbstractListenerFactoryBean    : org.springframework.batch.item.ItemWriter is an interface. The implementing class will not be queried for annotation based listener configurations. If using @StepScope on a @Bean method, be sure to return the implementing class so listener annotations can be used.
2022-03-21 12:40:49.410  WARN 13592 --- [    Test worker] o.s.b.c.l.AbstractListenerFactoryBean    : org.springframework.batch.item.ItemProcessor is an interface. The implementing class will not be queried for annotation based listener configurations. If using @StepScope on a @Bean method, be sure to return the implementing class so listener annotations can be used.
2022-03-21 12:40:49.414  INFO 13592 --- [    Test worker] o.s.batch.core.job.SimpleStepHandler     : Executing step: [executePointReservationStep]
Hibernate: select pointreser0_.id as id1_2_, pointreser0_.amount as amount2_2_, pointreser0_.available_days as availabl3_2_, pointreser0_.earned_date as earned_d4_2_, pointreser0_.is_executed as is_execu5_2_, pointreser0_.point_wallet_id as point_wa6_2_ from point_reservation pointreser0_ where pointreser0_.earned_date=? and pointreser0_.is_executed=0 limit ?
Hibernate: select pointwalle0_.id as id1_3_0_, pointwalle0_.amount as amount2_3_0_, pointwalle0_.user_id as user_id3_3_0_ from point_wallet pointwalle0_ where pointwalle0_.id=?
Hibernate: select pointreser0_.id as id1_2_0_, pointreser0_.amount as amount2_2_0_, pointreser0_.available_days as availabl3_2_0_, pointreser0_.earned_date as earned_d4_2_0_, pointreser0_.is_executed as is_execu5_2_0_, pointreser0_.point_wallet_id as point_wa6_2_0_ from point_reservation pointreser0_ where pointreser0_.id=?
Hibernate: insert into point (id, amount, earned_date, expire_date, is_expired, point_wallet_id, is_used) values (null, ?, ?, ?, ?, ?, ?)
Hibernate: select pointwalle0_.id as id1_3_0_, pointwalle0_.amount as amount2_3_0_, pointwalle0_.user_id as user_id3_3_0_ from point_wallet pointwalle0_ where pointwalle0_.id=?
Hibernate: update point_reservation set amount=?, available_days=?, earned_date=?, is_executed=?, point_wallet_id=? where id=?
Hibernate: update point_wallet set amount=?, user_id=? where id=?
2022-03-21 12:40:49.430  INFO 13592 --- [    Test worker] o.s.batch.core.step.AbstractStep         : Step: [executePointReservationStep] executed in 16ms
2022-03-21 12:40:49.433  INFO 13592 --- [    Test worker] o.s.b.c.l.support.SimpleJobLauncher      : Job: [SimpleJob: [name=executePointReservationJob]] completed with the following parameters: [{today=2022-01-05}] and the following status: [COMPLETED] in 28ms
Hibernate: select pointreser0_.id as id1_2_, pointreser0_.amount as amount2_2_, pointreser0_.available_days as availabl3_2_, pointreser0_.earned_date as earned_d4_2_, pointreser0_.is_executed as is_execu5_2_, pointreser0_.point_wallet_id as point_wa6_2_ from point_reservation pointreser0_
Hibernate: select point0_.id as id1_1_, point0_.amount as amount2_1_, point0_.earned_date as earned_d3_1_, point0_.expire_date as expire_d4_1_, point0_.is_expired as is_expir5_1_, point0_.point_wallet_id as point_wa7_1_, point0_.is_used as is_used6_1_ from point point0_
Hibernate: select pointwalle0_.id as id1_3_, pointwalle0_.amount as amount2_3_, pointwalle0_.user_id as user_id3_3_ from point_wallet pointwalle0_
Hibernate: select point0_.id as id1_1_, point0_.amount as amount2_1_, point0_.earned_date as earned_d3_1_, point0_.expire_date as expire_d4_1_, point0_.is_expired as is_expir5_1_, point0_.point_wallet_id as point_wa7_1_, point0_.is_used as is_used6_1_ from point point0_
Hibernate: delete from point where id=?
Hibernate: select pointreser0_.id as id1_2_, pointreser0_.amount as amount2_2_, pointreser0_.available_days as availabl3_2_, pointreser0_.earned_date as earned_d4_2_, pointreser0_.is_executed as is_execu5_2_, pointreser0_.point_wallet_id as point_wa6_2_ from point_reservation pointreser0_
Hibernate: delete from point_reservation where id=?
Hibernate: select pointwalle0_.id as id1_3_, pointwalle0_.amount as amount2_3_, pointwalle0_.user_id as user_id3_3_ from point_wallet pointwalle0_
Hibernate: delete from point_wallet where id=?
Hibernate: select message0_.id as id1_0_, message0_.content as content2_0_, message0_.title as title3_0_, message0_.user_id as user_id4_0_ from message message0_
]]></system-out>
  <system-err><![CDATA[]]></system-err>
</testsuite>
